Using pre-set license
Built from '2020.3/staging' branch; Version is '2020.3.13f1 (71691879b7f5) revision 7432472'; Using compiler version '192528614'; Build Type 'Release'
OS: 'Windows 10 Home; OS build 19041.1237; Version 2004; 64bit' Language: 'en' Physical Memory: 16183 MB
BatchMode: 1, IsHumanControllingUs: 0, StartBugReporterOnCrash: 0, Is64bit: 1, IsPro: 0

 COMMAND LINE ARGUMENTS:
C:\Program Files\Unity\Hub\Editor\2020.3.13f1\Editor\Unity.exe
-adb2
-batchMode
-noUpm
-name
AssetImportWorker1
-projectPath
C:/Users/stavr/Downloads/UnityProject1/Unity Project1
-logFile
Logs/AssetImportWorker1.log
-srvPort
50587
Successfully changed project path to: C:/Users/stavr/Downloads/UnityProject1/Unity Project1
C:/Users/stavr/Downloads/UnityProject1/Unity Project1
Using Asset Import Pipeline V2.
Refreshing native plugins compatible for Editor in 44.40 ms, found 2 plugins.
Preloading 0 native plugins for Editor in 0.00 ms.
Initialize engine version: 2020.3.13f1 (71691879b7f5)
[Subsystems] Discovering subsystems at path C:/Program Files/Unity/Hub/Editor/2020.3.13f1/Editor/Data/Resources/UnitySubsystems
[Subsystems] Discovering subsystems at path C:/Users/stavr/Downloads/UnityProject1/Unity Project1/Assets
GfxDevice: creating device client; threaded=0
Direct3D:
    Version:  Direct3D 11.0 [level 11.1]
    Renderer: NVIDIA GeForce MX350 (ID=0x1c94)
    Vendor:   
    VRAM:     1979 MB
    Driver:   27.21.14.5720
Initialize mono
Mono path[0] = 'C:/Program Files/Unity/Hub/Editor/2020.3.13f1/Editor/Data/Managed'
Mono path[1] = 'C:/Program Files/Unity/Hub/Editor/2020.3.13f1/Editor/Data/MonoBleedingEdge/lib/mono/unityjit'
Mono config path = 'C:/Program Files/Unity/Hub/Editor/2020.3.13f1/Editor/Data/MonoBleedingEdge/etc'
Using monoOptions --debugger-agent=transport=dt_socket,embedding=1,server=y,suspend=n,address=127.0.0.1:56504
Begin MonoManager ReloadAssembly
Registering precompiled unity dll's ...
Register platform support module: C:/Program Files/Unity/Hub/Editor/2020.3.13f1/Editor/Data/PlaybackEngines/WindowsStandaloneSupport/UnityEditor.WindowsStandalone.Extensions.dll
Registered in 0.002287 seconds.
Native extension for WindowsStandalone target not found
Refreshing native plugins compatible for Editor in 36.53 ms, found 2 plugins.
Preloading 0 native plugins for Editor in 0.00 ms.
Mono: successfully reloaded assembly
- Completed reload, in  3.554 seconds
Platform modules already initialized, skipping
Registering precompiled user dll's ...
Registered in 0.003273 seconds.
Begin MonoManager ReloadAssembly
Native extension for WindowsStandalone target not found
Refreshing native plugins compatible for Editor in 0.36 ms, found 2 plugins.
Preloading 0 native plugins for Editor in 0.00 ms.
Mono: successfully reloaded assembly
- Completed reload, in  0.990 seconds
Platform modules already initialized, skipping
========================================================================
Worker process is ready to serve import requests
Launched and connected shader compiler UnityShaderCompiler.exe after 0.08 seconds
Refreshing native plugins compatible for Editor in 0.38 ms, found 2 plugins.
Preloading 0 native plugins for Editor in 0.00 ms.
Unloading 1617 Unused Serialized files (Serialized files now loaded: 0)
System memory in use before: 92.2 MB.
System memory in use after: 92.3 MB.

Unloading 18 unused Assets to reduce memory usage. Loaded Objects now: 2070.
Total: 1.583300 ms (FindLiveObjects: 0.114100 ms CreateObjectMapping: 0.033200 ms MarkObjects: 1.342500 ms  DeleteObjects: 0.092700 ms)

AssetImportParameters requested are different than current active one (requested -> active):
  custom:framework-win-MediaFoundation: 216162199b28c13a410421893ffa2e32 -> 
  custom:video-decoder-ogg-theora: a1e56fd34408186e4bbccfd4996cb3dc -> 
  custom:container-muxer-webm: aa71ff27fc2769a1b78a27578f13a17b -> 
  custom:container-demuxer-webm: 4f35f7cbe854078d1ac9338744f61a02 -> 
  custom:container-demuxer-ogg: 62fdf1f143b41e24485cea50d1cbac27 -> 
  custom:video-encoder-webm-vp8: eb34c28f22e8b96e1ab97ce403110664 -> 
  custom:video-decoder-webm-vp8: 9c59270c3fd7afecdb556c50c9e8de78 -> 
  custom:audio-decoder-ogg-vorbis: bf7c407c2cedff20999df2af8eb42d56 -> 
  custom:audio-encoder-webm-vorbis: bf7c407c2cedff20999df2af8eb42d56 -> 
========================================================================
Received Import Request.
  path: Assets/New Terrain.asset
  artifactKey: Guid(ebde17b91aa91dc4ebcd74b8cc1e2d82) Importer(815301076,1909f56bfc062723c751e8b465ee728b)
Start importing Assets/New Terrain.asset using Guid(ebde17b91aa91dc4ebcd74b8cc1e2d82) Importer(815301076,1909f56bfc062723c751e8b465ee728b)  -> (artifact id: '0b52a4b74b20e81afd0e8b160aabffea') in 0.039879 seconds 
  Import took 0.042237 seconds .

========================================================================
Received Import Request.
  Time since last request: 0.000350 seconds.
  path: Assets/BrokenVector
  artifactKey: Guid(cc2b0ce5a32d69d4ab6f6651ab386abf) Importer(815301076,1909f56bfc062723c751e8b465ee728b)
Start importing Assets/BrokenVector using Guid(cc2b0ce5a32d69d4ab6f6651ab386abf) Importer(815301076,1909f56bfc062723c751e8b465ee728b)  -> (artifact id: '0445cb467105bb0e2ffe10e615a59ba3') in 0.010790 seconds 
  Import took 0.014023 seconds .

========================================================================
Received Import Request.
  Time since last request: 0.662573 seconds.
  path: Assets/BrokenVector/PolyCount
  artifactKey: Guid(6fa91c3cff99796408d6cd01e989c3ad) Importer(815301076,1909f56bfc062723c751e8b465ee728b)
Start importing Assets/BrokenVector/PolyCount using Guid(6fa91c3cff99796408d6cd01e989c3ad) Importer(815301076,1909f56bfc062723c751e8b465ee728b)  -> (artifact id: '19a9456163fa9b8ae94c3b83da586d0a') in 0.008251 seconds 
  Import took 0.010772 seconds .

========================================================================
Received Import Request.
  Time since last request: 0.013813 seconds.
  path: Assets/BrokenVector/PolyCount
  artifactKey: Guid(6fa91c3cff99796408d6cd01e989c3ad) Importer(815301076,1909f56bfc062723c751e8b465ee728b)
Start importing Assets/BrokenVector/PolyCount using Guid(6fa91c3cff99796408d6cd01e989c3ad) Importer(815301076,1909f56bfc062723c751e8b465ee728b)  -> (artifact id: '19a9456163fa9b8ae94c3b83da586d0a') in 0.004578 seconds 
  Import took 0.008838 seconds .

========================================================================
Received Import Request.
  Time since last request: 1.032802 seconds.
  path: Assets/BrokenVector/PolyCount/Editor
  artifactKey: Guid(b54b1d4f5af74124ea4a6cdfd19c421f) Importer(815301076,1909f56bfc062723c751e8b465ee728b)
Start importing Assets/BrokenVector/PolyCount/Editor using Guid(b54b1d4f5af74124ea4a6cdfd19c421f) Importer(815301076,1909f56bfc062723c751e8b465ee728b)  -> (artifact id: '71e9c36ee08c6b3bf5591202432ec747') in 0.006377 seconds 
  Import took 0.008911 seconds .

========================================================================
Received Import Request.
  Time since last request: 0.015323 seconds.
  path: Assets/BrokenVector/PolyCount/Editor
  artifactKey: Guid(b54b1d4f5af74124ea4a6cdfd19c421f) Importer(815301076,1909f56bfc062723c751e8b465ee728b)
Start importing Assets/BrokenVector/PolyCount/Editor using Guid(b54b1d4f5af74124ea4a6cdfd19c421f) Importer(815301076,1909f56bfc062723c751e8b465ee728b)  -> (artifact id: '71e9c36ee08c6b3bf5591202432ec747') in 0.003615 seconds 
  Import took 0.006617 seconds .

========================================================================
Received Import Request.
  Time since last request: 10.789360 seconds.
  path: Assets/BrokenVector/PolyCount/readme.txt
  artifactKey: Guid(cbdc003670fc6724084ffc8b3c109693) Importer(815301076,1909f56bfc062723c751e8b465ee728b)
Start importing Assets/BrokenVector/PolyCount/readme.txt using Guid(cbdc003670fc6724084ffc8b3c109693) Importer(815301076,1909f56bfc062723c751e8b465ee728b)  -> (artifact id: '86b7c2560be4c9b8dcbcc2e9fdc5d5c5') in 0.011362 seconds 
  Import took 0.013639 seconds .

========================================================================
Received Import Request.
  Time since last request: 0.009834 seconds.
  path: Assets/BrokenVector/PolyCount/readme.txt
  artifactKey: Guid(cbdc003670fc6724084ffc8b3c109693) Importer(815301076,1909f56bfc062723c751e8b465ee728b)
Start importing Assets/BrokenVector/PolyCount/readme.txt using Guid(cbdc003670fc6724084ffc8b3c109693) Importer(815301076,1909f56bfc062723c751e8b465ee728b)  -> (artifact id: '86b7c2560be4c9b8dcbcc2e9fdc5d5c5') in 0.003792 seconds 
  Import took 0.006871 seconds .

========================================================================
Received Prepare
Registering precompiled user dll's ...
Registered in 0.002788 seconds.
Begin MonoManager ReloadAssembly
Native extension for WindowsStandalone target not found
Refreshing native plugins compatible for Editor in 0.36 ms, found 2 plugins.
Preloading 0 native plugins for Editor in 0.00 ms.
Mono: successfully reloaded assembly
- Completed reload, in  0.943 seconds
Platform modules already initialized, skipping
Refreshing native plugins compatible for Editor in 0.60 ms, found 2 plugins.
Preloading 0 native plugins for Editor in 0.00 ms.
Unloading 1582 Unused Serialized files (Serialized files now loaded: 0)
System memory in use before: 89.4 MB.
System memory in use after: 89.5 MB.

Unloading 13 unused Assets to reduce memory usage. Loaded Objects now: 2073.
Total: 1.528900 ms (FindLiveObjects: 0.120200 ms CreateObjectMapping: 0.028600 ms MarkObjects: 1.352200 ms  DeleteObjects: 0.026700 ms)

AssetImportParameters requested are different than current active one (requested -> active):
  custom:framework-win-MediaFoundation: 216162199b28c13a410421893ffa2e32 -> 
  custom:video-decoder-ogg-theora: a1e56fd34408186e4bbccfd4996cb3dc -> 
  custom:container-muxer-webm: aa71ff27fc2769a1b78a27578f13a17b -> 
  custom:container-demuxer-webm: 4f35f7cbe854078d1ac9338744f61a02 -> 
  custom:container-demuxer-ogg: 62fdf1f143b41e24485cea50d1cbac27 -> 
  custom:video-encoder-webm-vp8: eb34c28f22e8b96e1ab97ce403110664 -> 
  custom:video-decoder-webm-vp8: 9c59270c3fd7afecdb556c50c9e8de78 -> 
  custom:audio-decoder-ogg-vorbis: bf7c407c2cedff20999df2af8eb42d56 -> 
  custom:audio-encoder-webm-vorbis: bf7c407c2cedff20999df2af8eb42d56 -> 
========================================================================
Received Prepare
Registering precompiled user dll's ...
Registered in 0.002491 seconds.
Begin MonoManager ReloadAssembly
Native extension for WindowsStandalone target not found
Refreshing native plugins compatible for Editor in 0.39 ms, found 2 plugins.
Preloading 0 native plugins for Editor in 0.00 ms.
Mono: successfully reloaded assembly
- Completed reload, in  0.877 seconds
Platform modules already initialized, skipping
Refreshing native plugins compatible for Editor in 0.45 ms, found 2 plugins.
Preloading 0 native plugins for Editor in 0.00 ms.
Unloading 1583 Unused Serialized files (Serialized files now loaded: 0)
System memory in use before: 89.4 MB.
System memory in use after: 89.6 MB.

Unloading 13 unused Assets to reduce memory usage. Loaded Objects now: 2077.
Total: 1.427400 ms (FindLiveObjects: 0.110600 ms CreateObjectMapping: 0.027000 ms MarkObjects: 1.270900 ms  DeleteObjects: 0.017800 ms)

AssetImportParameters requested are different than current active one (requested -> active):
  custom:framework-win-MediaFoundation: 216162199b28c13a410421893ffa2e32 -> 
  custom:video-decoder-ogg-theora: a1e56fd34408186e4bbccfd4996cb3dc -> 
  custom:container-muxer-webm: aa71ff27fc2769a1b78a27578f13a17b -> 
  custom:container-demuxer-webm: 4f35f7cbe854078d1ac9338744f61a02 -> 
  custom:container-demuxer-ogg: 62fdf1f143b41e24485cea50d1cbac27 -> 
  custom:video-encoder-webm-vp8: eb34c28f22e8b96e1ab97ce403110664 -> 
  custom:video-decoder-webm-vp8: 9c59270c3fd7afecdb556c50c9e8de78 -> 
  custom:audio-decoder-ogg-vorbis: bf7c407c2cedff20999df2af8eb42d56 -> 
  custom:audio-encoder-webm-vorbis: bf7c407c2cedff20999df2af8eb42d56 -> 
========================================================================
Received Import Request.
  Time since last request: 359.545463 seconds.
  path: Assets/Hessburg - Triangle Set Square
  artifactKey: Guid(57e5d119362b544db95dd958e7fae7e6) Importer(815301076,1909f56bfc062723c751e8b465ee728b)
Start importing Assets/Hessburg - Triangle Set Square using Guid(57e5d119362b544db95dd958e7fae7e6) Importer(815301076,1909f56bfc062723c751e8b465ee728b)  -> (artifact id: 'c4071372b7339ac84e8bbe66a58d2b26') in 0.015223 seconds 
  Import took 0.017529 seconds .

========================================================================
Received Import Request.
  Time since last request: 0.003953 seconds.
  path: Assets/Hessburg - Triangle Set Square
  artifactKey: Guid(57e5d119362b544db95dd958e7fae7e6) Importer(815301076,1909f56bfc062723c751e8b465ee728b)
Start importing Assets/Hessburg - Triangle Set Square using Guid(57e5d119362b544db95dd958e7fae7e6) Importer(815301076,1909f56bfc062723c751e8b465ee728b)  -> (artifact id: 'c4071372b7339ac84e8bbe66a58d2b26') in 0.003939 seconds 
  Import took 0.006560 seconds .

========================================================================
Received Import Request.
  Time since last request: 0.215015 seconds.
  path: Assets/Hessburg - Triangle Set Square/Triangle_Set_Square_Ruler.fbx
  artifactKey: Guid(02884ff7cf8c243e1929aa0eb82c84f6) Importer(815301076,1909f56bfc062723c751e8b465ee728b)
Start importing Assets/Hessburg - Triangle Set Square/Triangle_Set_Square_Ruler.fbx using Guid(02884ff7cf8c243e1929aa0eb82c84f6) Importer(815301076,1909f56bfc062723c751e8b465ee728b)  -> (artifact id: '0b35ed9fc45c3a180a8514abc0dcd4fe') in 0.168641 seconds 
  Import took 0.171428 seconds .

========================================================================
Received Import Request.
  Time since last request: 0.058088 seconds.
  path: Assets/Hessburg - Triangle Set Square/Scripts
  artifactKey: Guid(3f502a07f547f4973875d8517903c89e) Importer(815301076,1909f56bfc062723c751e8b465ee728b)
Start importing Assets/Hessburg - Triangle Set Square/Scripts using Guid(3f502a07f547f4973875d8517903c89e) Importer(815301076,1909f56bfc062723c751e8b465ee728b)  -> (artifact id: 'a3ebc84645e22512ed8ba520eae6ba58') in 0.006579 seconds 
  Import took 0.008991 seconds .

========================================================================
Received Import Request.
  Time since last request: 0.010900 seconds.
  path: Assets/Hessburg - Triangle Set Square/Scripts
  artifactKey: Guid(3f502a07f547f4973875d8517903c89e) Importer(815301076,1909f56bfc062723c751e8b465ee728b)
Start importing Assets/Hessburg - Triangle Set Square/Scripts using Guid(3f502a07f547f4973875d8517903c89e) Importer(815301076,1909f56bfc062723c751e8b465ee728b)  -> (artifact id: 'a3ebc84645e22512ed8ba520eae6ba58') in 0.003536 seconds 
  Import took 0.006263 seconds .

========================================================================
Received Import Request.
  Time since last request: 6.081786 seconds.
  path: Assets/Hessburg - Triangle Set Square/Triangle Set Square DemoSettings.lighting
  artifactKey: Guid(6e158c14cbc38364aaa5e409647c0491) Importer(815301076,1909f56bfc062723c751e8b465ee728b)
Start importing Assets/Hessburg - Triangle Set Square/Triangle Set Square DemoSettings.lighting using Guid(6e158c14cbc38364aaa5e409647c0491) Importer(815301076,1909f56bfc062723c751e8b465ee728b) LightingSettings: switching bake backend from 1 to 0.
 -> (artifact id: 'd32ae72815f51e9abbc6ab309f3e86c6') in 0.009586 seconds 
  Import took 0.012226 seconds .

========================================================================
Received Import Request.
  Time since last request: 0.003847 seconds.
  path: Assets/Hessburg - Triangle Set Square/Triangle Set Square DemoSettings.lighting
  artifactKey: Guid(6e158c14cbc38364aaa5e409647c0491) Importer(815301076,1909f56bfc062723c751e8b465ee728b)
Start importing Assets/Hessburg - Triangle Set Square/Triangle Set Square DemoSettings.lighting using Guid(6e158c14cbc38364aaa5e409647c0491) Importer(815301076,1909f56bfc062723c751e8b465ee728b) LightingSettings: switching bake backend from 1 to 0.
 -> (artifact id: 'd32ae72815f51e9abbc6ab309f3e86c6') in 0.004360 seconds 
  Import took 0.007459 seconds .

========================================================================
Received Import Request.
  Time since last request: 0.532803 seconds.
  path: Assets/Hessburg - Triangle Set Square/Triangle Set Square Demo.unity
  artifactKey: Guid(0527b013978294e989ae64899c8bae95) Importer(815301076,1909f56bfc062723c751e8b465ee728b)
Start importing Assets/Hessburg - Triangle Set Square/Triangle Set Square Demo.unity using Guid(0527b013978294e989ae64899c8bae95) Importer(815301076,1909f56bfc062723c751e8b465ee728b)  -> (artifact id: '09bfc8cc3a4200bd5c2b94b74ab19115') in 0.008351 seconds 
  Import took 0.011002 seconds .

========================================================================
Received Import Request.
  Time since last request: 0.008409 seconds.
  path: Assets/Hessburg - Triangle Set Square/Triangle Set Square Demo.unity
  artifactKey: Guid(0527b013978294e989ae64899c8bae95) Importer(815301076,1909f56bfc062723c751e8b465ee728b)
Start importing Assets/Hessburg - Triangle Set Square/Triangle Set Square Demo.unity using Guid(0527b013978294e989ae64899c8bae95) Importer(815301076,1909f56bfc062723c751e8b465ee728b)  -> (artifact id: '09bfc8cc3a4200bd5c2b94b74ab19115') in 0.003980 seconds 
  Import took 0.007006 seconds .

========================================================================
Received Prepare
Registering precompiled user dll's ...
Registered in 0.002591 seconds.
Begin MonoManager ReloadAssembly
Native extension for WindowsStandalone target not found
Refreshing native plugins compatible for Editor in 0.36 ms, found 2 plugins.
Preloading 0 native plugins for Editor in 0.00 ms.
Mono: successfully reloaded assembly
- Completed reload, in  0.926 seconds
Platform modules already initialized, skipping
Refreshing native plugins compatible for Editor in 0.41 ms, found 2 plugins.
Preloading 0 native plugins for Editor in 0.00 ms.
Unloading 1583 Unused Serialized files (Serialized files now loaded: 0)
System memory in use before: 92.8 MB.
System memory in use after: 92.9 MB.

Unloading 13 unused Assets to reduce memory usage. Loaded Objects now: 2090.
Total: 1.616100 ms (FindLiveObjects: 0.109100 ms CreateObjectMapping: 0.026000 ms MarkObjects: 1.464900 ms  DeleteObjects: 0.015100 ms)

AssetImportParameters requested are different than current active one (requested -> active):
  custom:framework-win-MediaFoundation: 216162199b28c13a410421893ffa2e32 -> 
  custom:video-decoder-ogg-theora: a1e56fd34408186e4bbccfd4996cb3dc -> 
  custom:container-muxer-webm: aa71ff27fc2769a1b78a27578f13a17b -> 
  custom:container-demuxer-webm: 4f35f7cbe854078d1ac9338744f61a02 -> 
  custom:container-demuxer-ogg: 62fdf1f143b41e24485cea50d1cbac27 -> 
  custom:video-encoder-webm-vp8: eb34c28f22e8b96e1ab97ce403110664 -> 
  custom:video-decoder-webm-vp8: 9c59270c3fd7afecdb556c50c9e8de78 -> 
  custom:audio-decoder-ogg-vorbis: bf7c407c2cedff20999df2af8eb42d56 -> 
  custom:audio-encoder-webm-vorbis: bf7c407c2cedff20999df2af8eb42d56 -> 
